#! /usr/bin/vvp
:ivl_version "12.0 (stable)";
:ivl_delay_selection "TYPICAL";
:vpi_time_precision - 3;
:vpi_module "/usr/lib/x86_64-linux-gnu/ivl/system.vpi";
:vpi_module "/usr/lib/x86_64-linux-gnu/ivl/vhdl_sys.vpi";
:vpi_module "/usr/lib/x86_64-linux-gnu/ivl/vhdl_textio.vpi";
:vpi_module "/usr/lib/x86_64-linux-gnu/ivl/v2005_math.vpi";
:vpi_module "/usr/lib/x86_64-linux-gnu/ivl/va_math.vpi";
S_0x6248de569280 .scope module, "tb_TrafficLight" "tb_TrafficLight" 2 2;
 .timescale 0 -3;
v0x6248de58b5b0_0 .net "Q", 5 0, v0x6248de58ac70_0;  1 drivers
v0x6248de58b6c0_0 .var "clk", 0 0;
v0x6248de58b790_0 .net "led7seg_Chuc1", 6 0, v0x6248de5649c0_0;  1 drivers
v0x6248de58b860_0 .net "led7seg_Chuc2", 6 0, v0x6248de552570_0;  1 drivers
v0x6248de58b900_0 .net "led7seg_DonVi1", 6 0, v0x6248de551df0_0;  1 drivers
v0x6248de58ba40_0 .net "led7seg_DonVi2", 6 0, v0x6248de58a4c0_0;  1 drivers
v0x6248de58bb50_0 .var "sw", 0 0;
S_0x6248de569410 .scope module, "uut" "TrafficLight_FSM" 2 7, 3 12 0, S_0x6248de569280;
 .timescale 0 -3;
    .port_info 0 /INPUT 1 "clk";
    .port_info 1 /INPUT 1 "sw";
    .port_info 2 /OUTPUT 6 "Q";
    .port_info 3 /OUTPUT 7 "led7seg_Chuc1";
    .port_info 4 /OUTPUT 7 "led7seg_DonVi1";
    .port_info 5 /OUTPUT 7 "led7seg_Chuc2";
    .port_info 6 /OUTPUT 7 "led7seg_DonVi2";
P_0x6248de56a5f0 .param/l "BlinkLight" 0 3 35, C4<010010>;
P_0x6248de56a630 .param/l "NoBlinkLight" 0 3 35, C4<000000>;
P_0x6248de56a670 .param/l "S1" 0 3 30, C4<000>;
P_0x6248de56a6b0 .param/l "S2" 0 3 30, C4<001>;
P_0x6248de56a6f0 .param/l "S3" 0 3 30, C4<010>;
P_0x6248de56a730 .param/l "S4" 0 3 30, C4<011>;
P_0x6248de56a770 .param/l "S5" 0 3 31, C4<100>;
P_0x6248de56a7b0 .param/l "S6" 0 3 31, C4<101>;
P_0x6248de56a7f0 .param/l "TG" 0 3 29, C4<01111>;
P_0x6248de56a830 .param/l "TR" 0 3 29, C4<10100>;
P_0x6248de56a870 .param/l "TY" 0 3 29, C4<00101>;
P_0x6248de56a8b0 .param/l "Time_Blink" 0 3 28, C4<00001>;
P_0x6248de56a8f0 .param/l "Time_G" 0 3 28, C4<01111>;
P_0x6248de56a930 .param/l "Time_R" 0 3 28, C4<01111>;
P_0x6248de56a970 .param/l "Time_Y" 0 3 28, C4<00101>;
P_0x6248de56a9b0 .param/l "Time_YR" 0 3 28, C4<00101>;
P_0x6248de56a9f0 .param/l "l1" 0 3 33, C4<100001>;
P_0x6248de56aa30 .param/l "l2" 0 3 33, C4<010001>;
P_0x6248de56aa70 .param/l "l3" 0 3 33, C4<001010>;
P_0x6248de56aab0 .param/l "l4" 0 3 33, C4<001100>;
v0x6248de58a7a0_0 .var "Chuc1", 4 0;
v0x6248de58a860_0 .var "Chuc2", 4 0;
v0x6248de58a900_0 .var "CurrentTime", 2 0;
v0x6248de58a9d0_0 .var "DonVi1", 4 0;
v0x6248de58aac0_0 .var "DonVi2", 4 0;
v0x6248de58abb0_0 .var "NextTime", 2 0;
v0x6248de58ac70_0 .var "Q", 5 0;
v0x6248de58ad50_0 .var "TRL1", 4 0;
v0x6248de58ae30_0 .var "TRL2", 4 0;
v0x6248de58af10_0 .net "clk", 0 0, v0x6248de58b6c0_0;  1 drivers
v0x6248de58afd0_0 .net "led7seg_Chuc1", 6 0, v0x6248de5649c0_0;  alias, 1 drivers
v0x6248de58b0c0_0 .net "led7seg_Chuc2", 6 0, v0x6248de552570_0;  alias, 1 drivers
v0x6248de58b190_0 .net "led7seg_DonVi1", 6 0, v0x6248de551df0_0;  alias, 1 drivers
v0x6248de58b260_0 .net "led7seg_DonVi2", 6 0, v0x6248de58a4c0_0;  alias, 1 drivers
v0x6248de58b330_0 .net "sw", 0 0, v0x6248de58bb50_0;  1 drivers
v0x6248de58b3d0_0 .var "timer", 4 0;
E_0x6248de513d80 .event anyedge, v0x6248de58a900_0;
E_0x6248de513a90 .event anyedge, v0x6248de58ad50_0, v0x6248de58ae30_0;
E_0x6248de537330 .event anyedge, v0x6248de58abb0_0;
E_0x6248de568690 .event posedge, v0x6248de58af10_0;
S_0x6248de54ec90 .scope module, "C1" "Decoder_Led7Seg_Anode" 3 168, 4 14 0, S_0x6248de569410;
 .timescale 0 -3;
    .port_info 0 /INPUT 5 "timer";
    .port_info 1 /INPUT 1 "sw";
    .port_info 2 /OUTPUT 7 "Q";
v0x6248de5649c0_0 .var "Q", 6 0;
v0x6248de5511a0_0 .net "sw", 0 0, v0x6248de58bb50_0;  alias, 1 drivers
v0x6248de551790_0 .net "timer", 4 0, v0x6248de58a7a0_0;  1 drivers
E_0x6248de5686d0 .event anyedge, v0x6248de5511a0_0, v0x6248de551790_0;
S_0x6248de589a00 .scope module, "C2" "Decoder_Led7Seg_Anode" 3 170, 4 14 0, S_0x6248de569410;
 .timescale 0 -3;
    .port_info 0 /INPUT 5 "timer";
    .port_info 1 /INPUT 1 "sw";
    .port_info 2 /OUTPUT 7 "Q";
v0x6248de552570_0 .var "Q", 6 0;
v0x6248de5520d0_0 .net "sw", 0 0, v0x6248de58bb50_0;  alias, 1 drivers
v0x6248de551f60_0 .net "timer", 4 0, v0x6248de58a860_0;  1 drivers
E_0x6248de589c30 .event anyedge, v0x6248de5511a0_0, v0x6248de551f60_0;
S_0x6248de589d90 .scope module, "DV1" "Decoder_Led7Seg_Anode" 3 167, 4 14 0, S_0x6248de569410;
 .timescale 0 -3;
    .port_info 0 /INPUT 5 "timer";
    .port_info 1 /INPUT 1 "sw";
    .port_info 2 /OUTPUT 7 "Q";
v0x6248de551df0_0 .var "Q", 6 0;
v0x6248de553190_0 .net "sw", 0 0, v0x6248de58bb50_0;  alias, 1 drivers
v0x6248de58a0f0_0 .net "timer", 4 0, v0x6248de58a9d0_0;  1 drivers
E_0x6248de589fc0 .event anyedge, v0x6248de5511a0_0, v0x6248de58a0f0_0;
S_0x6248de58a210 .scope module, "DV2" "Decoder_Led7Seg_Anode" 3 169, 4 14 0, S_0x6248de569410;
 .timescale 0 -3;
    .port_info 0 /INPUT 5 "timer";
    .port_info 1 /INPUT 1 "sw";
    .port_info 2 /OUTPUT 7 "Q";
v0x6248de58a4c0_0 .var "Q", 6 0;
v0x6248de58a5c0_0 .net "sw", 0 0, v0x6248de58bb50_0;  alias, 1 drivers
v0x6248de58a680_0 .net "timer", 4 0, v0x6248de58aac0_0;  1 drivers
E_0x6248de58a440 .event anyedge, v0x6248de5511a0_0, v0x6248de58a680_0;
    .scope S_0x6248de589d90;
T_0 ;
    %wait E_0x6248de589fc0;
    %load/vec4 v0x6248de553190_0;
    %flag_set/vec4 8;
    %jmp/0xz  T_0.0, 8;
    %pushi/vec4 127, 0, 7;
    %store/vec4 v0x6248de551df0_0, 0, 7;
    %jmp T_0.1;
T_0.0 ;
    %load/vec4 v0x6248de58a0f0_0;
    %dup/vec4;
    %pushi/vec4 0, 0, 5;
    %cmp/u;
    %jmp/1 T_0.2, 6;
    %dup/vec4;
    %pushi/vec4 1, 0, 5;
    %cmp/u;
    %jmp/1 T_0.3, 6;
    %dup/vec4;
    %pushi/vec4 2, 0, 5;
    %cmp/u;
    %jmp/1 T_0.4, 6;
    %dup/vec4;
    %pushi/vec4 3, 0, 5;
    %cmp/u;
    %jmp/1 T_0.5, 6;
    %dup/vec4;
    %pushi/vec4 4, 0, 5;
    %cmp/u;
    %jmp/1 T_0.6, 6;
    %dup/vec4;
    %pushi/vec4 5, 0, 5;
    %cmp/u;
    %jmp/1 T_0.7, 6;
    %dup/vec4;
    %pushi/vec4 6, 0, 5;
    %cmp/u;
    %jmp/1 T_0.8, 6;
    %dup/vec4;
    %pushi/vec4 7, 0, 5;
    %cmp/u;
    %jmp/1 T_0.9, 6;
    %dup/vec4;
    %pushi/vec4 8, 0, 5;
    %cmp/u;
    %jmp/1 T_0.10, 6;
    %dup/vec4;
    %pushi/vec4 9, 0, 5;
    %cmp/u;
    %jmp/1 T_0.11, 6;
    %pushi/vec4 127, 0, 7;
    %store/vec4 v0x6248de551df0_0, 0, 7;
    %jmp T_0.13;
T_0.2 ;
    %pushi/vec4 1, 0, 7;
    %store/vec4 v0x6248de551df0_0, 0, 7;
    %jmp T_0.13;
T_0.3 ;
    %pushi/vec4 79, 0, 7;
    %store/vec4 v0x6248de551df0_0, 0, 7;
    %jmp T_0.13;
T_0.4 ;
    %pushi/vec4 18, 0, 7;
    %store/vec4 v0x6248de551df0_0, 0, 7;
    %jmp T_0.13;
T_0.5 ;
    %pushi/vec4 6, 0, 7;
    %store/vec4 v0x6248de551df0_0, 0, 7;
    %jmp T_0.13;
T_0.6 ;
    %pushi/vec4 72, 0, 7;
    %store/vec4 v0x6248de551df0_0, 0, 7;
    %jmp T_0.13;
T_0.7 ;
    %pushi/vec4 36, 0, 7;
    %store/vec4 v0x6248de551df0_0, 0, 7;
    %jmp T_0.13;
T_0.8 ;
    %pushi/vec4 32, 0, 7;
    %store/vec4 v0x6248de551df0_0, 0, 7;
    %jmp T_0.13;
T_0.9 ;
    %pushi/vec4 15, 0, 7;
    %store/vec4 v0x6248de551df0_0, 0, 7;
    %jmp T_0.13;
T_0.10 ;
    %pushi/vec4 0, 0, 7;
    %store/vec4 v0x6248de551df0_0, 0, 7;
    %jmp T_0.13;
T_0.11 ;
    %pushi/vec4 4, 0, 7;
    %store/vec4 v0x6248de551df0_0, 0, 7;
    %jmp T_0.13;
T_0.13 ;
    %pop/vec4 1;
T_0.1 ;
    %jmp T_0;
    .thread T_0, $push;
    .scope S_0x6248de54ec90;
T_1 ;
    %wait E_0x6248de5686d0;
    %load/vec4 v0x6248de5511a0_0;
    %flag_set/vec4 8;
    %jmp/0xz  T_1.0, 8;
    %pushi/vec4 127, 0, 7;
    %store/vec4 v0x6248de5649c0_0, 0, 7;
    %jmp T_1.1;
T_1.0 ;
    %load/vec4 v0x6248de551790_0;
    %dup/vec4;
    %pushi/vec4 0, 0, 5;
    %cmp/u;
    %jmp/1 T_1.2, 6;
    %dup/vec4;
    %pushi/vec4 1, 0, 5;
    %cmp/u;
    %jmp/1 T_1.3, 6;
    %dup/vec4;
    %pushi/vec4 2, 0, 5;
    %cmp/u;
    %jmp/1 T_1.4, 6;
    %dup/vec4;
    %pushi/vec4 3, 0, 5;
    %cmp/u;
    %jmp/1 T_1.5, 6;
    %dup/vec4;
    %pushi/vec4 4, 0, 5;
    %cmp/u;
    %jmp/1 T_1.6, 6;
    %dup/vec4;
    %pushi/vec4 5, 0, 5;
    %cmp/u;
    %jmp/1 T_1.7, 6;
    %dup/vec4;
    %pushi/vec4 6, 0, 5;
    %cmp/u;
    %jmp/1 T_1.8, 6;
    %dup/vec4;
    %pushi/vec4 7, 0, 5;
    %cmp/u;
    %jmp/1 T_1.9, 6;
    %dup/vec4;
    %pushi/vec4 8, 0, 5;
    %cmp/u;
    %jmp/1 T_1.10, 6;
    %dup/vec4;
    %pushi/vec4 9, 0, 5;
    %cmp/u;
    %jmp/1 T_1.11, 6;
    %pushi/vec4 127, 0, 7;
    %store/vec4 v0x6248de5649c0_0, 0, 7;
    %jmp T_1.13;
T_1.2 ;
    %pushi/vec4 1, 0, 7;
    %store/vec4 v0x6248de5649c0_0, 0, 7;
    %jmp T_1.13;
T_1.3 ;
    %pushi/vec4 79, 0, 7;
    %store/vec4 v0x6248de5649c0_0, 0, 7;
    %jmp T_1.13;
T_1.4 ;
    %pushi/vec4 18, 0, 7;
    %store/vec4 v0x6248de5649c0_0, 0, 7;
    %jmp T_1.13;
T_1.5 ;
    %pushi/vec4 6, 0, 7;
    %store/vec4 v0x6248de5649c0_0, 0, 7;
    %jmp T_1.13;
T_1.6 ;
    %pushi/vec4 72, 0, 7;
    %store/vec4 v0x6248de5649c0_0, 0, 7;
    %jmp T_1.13;
T_1.7 ;
    %pushi/vec4 36, 0, 7;
    %store/vec4 v0x6248de5649c0_0, 0, 7;
    %jmp T_1.13;
T_1.8 ;
    %pushi/vec4 32, 0, 7;
    %store/vec4 v0x6248de5649c0_0, 0, 7;
    %jmp T_1.13;
T_1.9 ;
    %pushi/vec4 15, 0, 7;
    %store/vec4 v0x6248de5649c0_0, 0, 7;
    %jmp T_1.13;
T_1.10 ;
    %pushi/vec4 0, 0, 7;
    %store/vec4 v0x6248de5649c0_0, 0, 7;
    %jmp T_1.13;
T_1.11 ;
    %pushi/vec4 4, 0, 7;
    %store/vec4 v0x6248de5649c0_0, 0, 7;
    %jmp T_1.13;
T_1.13 ;
    %pop/vec4 1;
T_1.1 ;
    %jmp T_1;
    .thread T_1, $push;
    .scope S_0x6248de58a210;
T_2 ;
    %wait E_0x6248de58a440;
    %load/vec4 v0x6248de58a5c0_0;
    %flag_set/vec4 8;
    %jmp/0xz  T_2.0, 8;
    %pushi/vec4 127, 0, 7;
    %store/vec4 v0x6248de58a4c0_0, 0, 7;
    %jmp T_2.1;
T_2.0 ;
    %load/vec4 v0x6248de58a680_0;
    %dup/vec4;
    %pushi/vec4 0, 0, 5;
    %cmp/u;
    %jmp/1 T_2.2, 6;
    %dup/vec4;
    %pushi/vec4 1, 0, 5;
    %cmp/u;
    %jmp/1 T_2.3, 6;
    %dup/vec4;
    %pushi/vec4 2, 0, 5;
    %cmp/u;
    %jmp/1 T_2.4, 6;
    %dup/vec4;
    %pushi/vec4 3, 0, 5;
    %cmp/u;
    %jmp/1 T_2.5, 6;
    %dup/vec4;
    %pushi/vec4 4, 0, 5;
    %cmp/u;
    %jmp/1 T_2.6, 6;
    %dup/vec4;
    %pushi/vec4 5, 0, 5;
    %cmp/u;
    %jmp/1 T_2.7, 6;
    %dup/vec4;
    %pushi/vec4 6, 0, 5;
    %cmp/u;
    %jmp/1 T_2.8, 6;
    %dup/vec4;
    %pushi/vec4 7, 0, 5;
    %cmp/u;
    %jmp/1 T_2.9, 6;
    %dup/vec4;
    %pushi/vec4 8, 0, 5;
    %cmp/u;
    %jmp/1 T_2.10, 6;
    %dup/vec4;
    %pushi/vec4 9, 0, 5;
    %cmp/u;
    %jmp/1 T_2.11, 6;
    %pushi/vec4 127, 0, 7;
    %store/vec4 v0x6248de58a4c0_0, 0, 7;
    %jmp T_2.13;
T_2.2 ;
    %pushi/vec4 1, 0, 7;
    %store/vec4 v0x6248de58a4c0_0, 0, 7;
    %jmp T_2.13;
T_2.3 ;
    %pushi/vec4 79, 0, 7;
    %store/vec4 v0x6248de58a4c0_0, 0, 7;
    %jmp T_2.13;
T_2.4 ;
    %pushi/vec4 18, 0, 7;
    %store/vec4 v0x6248de58a4c0_0, 0, 7;
    %jmp T_2.13;
T_2.5 ;
    %pushi/vec4 6, 0, 7;
    %store/vec4 v0x6248de58a4c0_0, 0, 7;
    %jmp T_2.13;
T_2.6 ;
    %pushi/vec4 72, 0, 7;
    %store/vec4 v0x6248de58a4c0_0, 0, 7;
    %jmp T_2.13;
T_2.7 ;
    %pushi/vec4 36, 0, 7;
    %store/vec4 v0x6248de58a4c0_0, 0, 7;
    %jmp T_2.13;
T_2.8 ;
    %pushi/vec4 32, 0, 7;
    %store/vec4 v0x6248de58a4c0_0, 0, 7;
    %jmp T_2.13;
T_2.9 ;
    %pushi/vec4 15, 0, 7;
    %store/vec4 v0x6248de58a4c0_0, 0, 7;
    %jmp T_2.13;
T_2.10 ;
    %pushi/vec4 0, 0, 7;
    %store/vec4 v0x6248de58a4c0_0, 0, 7;
    %jmp T_2.13;
T_2.11 ;
    %pushi/vec4 4, 0, 7;
    %store/vec4 v0x6248de58a4c0_0, 0, 7;
    %jmp T_2.13;
T_2.13 ;
    %pop/vec4 1;
T_2.1 ;
    %jmp T_2;
    .thread T_2, $push;
    .scope S_0x6248de589a00;
T_3 ;
    %wait E_0x6248de589c30;
    %load/vec4 v0x6248de5520d0_0;
    %flag_set/vec4 8;
    %jmp/0xz  T_3.0, 8;
    %pushi/vec4 127, 0, 7;
    %store/vec4 v0x6248de552570_0, 0, 7;
    %jmp T_3.1;
T_3.0 ;
    %load/vec4 v0x6248de551f60_0;
    %dup/vec4;
    %pushi/vec4 0, 0, 5;
    %cmp/u;
    %jmp/1 T_3.2, 6;
    %dup/vec4;
    %pushi/vec4 1, 0, 5;
    %cmp/u;
    %jmp/1 T_3.3, 6;
    %dup/vec4;
    %pushi/vec4 2, 0, 5;
    %cmp/u;
    %jmp/1 T_3.4, 6;
    %dup/vec4;
    %pushi/vec4 3, 0, 5;
    %cmp/u;
    %jmp/1 T_3.5, 6;
    %dup/vec4;
    %pushi/vec4 4, 0, 5;
    %cmp/u;
    %jmp/1 T_3.6, 6;
    %dup/vec4;
    %pushi/vec4 5, 0, 5;
    %cmp/u;
    %jmp/1 T_3.7, 6;
    %dup/vec4;
    %pushi/vec4 6, 0, 5;
    %cmp/u;
    %jmp/1 T_3.8, 6;
    %dup/vec4;
    %pushi/vec4 7, 0, 5;
    %cmp/u;
    %jmp/1 T_3.9, 6;
    %dup/vec4;
    %pushi/vec4 8, 0, 5;
    %cmp/u;
    %jmp/1 T_3.10, 6;
    %dup/vec4;
    %pushi/vec4 9, 0, 5;
    %cmp/u;
    %jmp/1 T_3.11, 6;
    %pushi/vec4 127, 0, 7;
    %store/vec4 v0x6248de552570_0, 0, 7;
    %jmp T_3.13;
T_3.2 ;
    %pushi/vec4 1, 0, 7;
    %store/vec4 v0x6248de552570_0, 0, 7;
    %jmp T_3.13;
T_3.3 ;
    %pushi/vec4 79, 0, 7;
    %store/vec4 v0x6248de552570_0, 0, 7;
    %jmp T_3.13;
T_3.4 ;
    %pushi/vec4 18, 0, 7;
    %store/vec4 v0x6248de552570_0, 0, 7;
    %jmp T_3.13;
T_3.5 ;
    %pushi/vec4 6, 0, 7;
    %store/vec4 v0x6248de552570_0, 0, 7;
    %jmp T_3.13;
T_3.6 ;
    %pushi/vec4 72, 0, 7;
    %store/vec4 v0x6248de552570_0, 0, 7;
    %jmp T_3.13;
T_3.7 ;
    %pushi/vec4 36, 0, 7;
    %store/vec4 v0x6248de552570_0, 0, 7;
    %jmp T_3.13;
T_3.8 ;
    %pushi/vec4 32, 0, 7;
    %store/vec4 v0x6248de552570_0, 0, 7;
    %jmp T_3.13;
T_3.9 ;
    %pushi/vec4 15, 0, 7;
    %store/vec4 v0x6248de552570_0, 0, 7;
    %jmp T_3.13;
T_3.10 ;
    %pushi/vec4 0, 0, 7;
    %store/vec4 v0x6248de552570_0, 0, 7;
    %jmp T_3.13;
T_3.11 ;
    %pushi/vec4 4, 0, 7;
    %store/vec4 v0x6248de552570_0, 0, 7;
    %jmp T_3.13;
T_3.13 ;
    %pop/vec4 1;
T_3.1 ;
    %jmp T_3;
    .thread T_3, $push;
    .scope S_0x6248de569410;
T_4 ;
    %load/vec4 v0x6248de58b330_0;
    %flag_set/vec4 8;
    %jmp/0 T_4.0, 8;
    %pushi/vec4 4, 0, 3;
    %jmp/1 T_4.1, 8;
T_4.0 ; End of true expr.
    %pushi/vec4 0, 0, 3;
    %jmp/0 T_4.1, 8;
 ; End of false expr.
    %blend;
T_4.1;
    %store/vec4 v0x6248de58a900_0, 0, 3;
    %pushi/vec4 15, 0, 5;
    %store/vec4 v0x6248de58b3d0_0, 0, 5;
    %pushi/vec4 16, 0, 5;
    %store/vec4 v0x6248de58ad50_0, 0, 5;
    %pushi/vec4 21, 0, 5;
    %store/vec4 v0x6248de58ae30_0, 0, 5;
    %end;
    .thread T_4;
    .scope S_0x6248de569410;
T_5 ;
    %wait E_0x6248de568690;
    %load/vec4 v0x6248de58b330_0;
    %pad/u 32;
    %cmpi/e 1, 0, 32;
    %jmp/0xz  T_5.0, 4;
    %pushi/vec4 15, 0, 5;
    %store/vec4 v0x6248de58ad50_0, 0, 5;
    %pushi/vec4 20, 0, 5;
    %store/vec4 v0x6248de58ae30_0, 0, 5;
    %jmp T_5.1;
T_5.0 ;
    %load/vec4 v0x6248de58ad50_0;
    %subi 1, 0, 5;
    %store/vec4 v0x6248de58ad50_0, 0, 5;
    %load/vec4 v0x6248de58ae30_0;
    %subi 1, 0, 5;
    %store/vec4 v0x6248de58ae30_0, 0, 5;
T_5.1 ;
    %load/vec4 v0x6248de58a900_0;
    %dup/vec4;
    %pushi/vec4 0, 0, 3;
    %cmp/u;
    %jmp/1 T_5.2, 6;
    %dup/vec4;
    %pushi/vec4 1, 0, 3;
    %cmp/u;
    %jmp/1 T_5.3, 6;
    %dup/vec4;
    %pushi/vec4 2, 0, 3;
    %cmp/u;
    %jmp/1 T_5.4, 6;
    %dup/vec4;
    %pushi/vec4 3, 0, 3;
    %cmp/u;
    %jmp/1 T_5.5, 6;
    %dup/vec4;
    %pushi/vec4 4, 0, 3;
    %cmp/u;
    %jmp/1 T_5.6, 6;
    %dup/vec4;
    %pushi/vec4 5, 0, 3;
    %cmp/u;
    %jmp/1 T_5.7, 6;
    %pushi/vec4 0, 0, 3;
    %store/vec4 v0x6248de58abb0_0, 0, 3;
    %jmp T_5.9;
T_5.2 ;
    %load/vec4 v0x6248de58b330_0;
    %flag_set/vec4 8;
    %jmp/0xz  T_5.10, 8;
    %pushi/vec4 4, 0, 3;
    %store/vec4 v0x6248de58abb0_0, 0, 3;
    %jmp T_5.11;
T_5.10 ;
    %load/vec4 v0x6248de58b3d0_0;
    %pad/u 32;
    %cmpi/e 1, 0, 32;
    %jmp/0xz  T_5.12, 4;
    %pushi/vec4 1, 0, 3;
    %store/vec4 v0x6248de58abb0_0, 0, 3;
    %pushi/vec4 5, 0, 5;
    %store/vec4 v0x6248de58b3d0_0, 0, 5;
    %pushi/vec4 5, 0, 5;
    %store/vec4 v0x6248de58ad50_0, 0, 5;
    %jmp T_5.13;
T_5.12 ;
    %load/vec4 v0x6248de58b3d0_0;
    %subi 1, 0, 5;
    %store/vec4 v0x6248de58b3d0_0, 0, 5;
    %pushi/vec4 0, 0, 3;
    %store/vec4 v0x6248de58abb0_0, 0, 3;
T_5.13 ;
T_5.11 ;
    %jmp T_5.9;
T_5.3 ;
    %load/vec4 v0x6248de58b330_0;
    %flag_set/vec4 8;
    %jmp/0xz  T_5.14, 8;
    %pushi/vec4 4, 0, 3;
    %store/vec4 v0x6248de58abb0_0, 0, 3;
    %jmp T_5.15;
T_5.14 ;
    %load/vec4 v0x6248de58b3d0_0;
    %pad/u 32;
    %cmpi/e 1, 0, 32;
    %jmp/0xz  T_5.16, 4;
    %pushi/vec4 2, 0, 3;
    %store/vec4 v0x6248de58abb0_0, 0, 3;
    %pushi/vec4 5, 0, 5;
    %store/vec4 v0x6248de58b3d0_0, 0, 5;
    %pushi/vec4 20, 0, 5;
    %store/vec4 v0x6248de58ad50_0, 0, 5;
    %pushi/vec4 5, 0, 5;
    %store/vec4 v0x6248de58ae30_0, 0, 5;
    %jmp T_5.17;
T_5.16 ;
    %load/vec4 v0x6248de58b3d0_0;
    %subi 1, 0, 5;
    %store/vec4 v0x6248de58b3d0_0, 0, 5;
    %pushi/vec4 1, 0, 3;
    %store/vec4 v0x6248de58abb0_0, 0, 3;
T_5.17 ;
T_5.15 ;
    %jmp T_5.9;
T_5.4 ;
    %load/vec4 v0x6248de58b330_0;
    %flag_set/vec4 8;
    %jmp/0xz  T_5.18, 8;
    %pushi/vec4 4, 0, 3;
    %store/vec4 v0x6248de58abb0_0, 0, 3;
    %jmp T_5.19;
T_5.18 ;
    %load/vec4 v0x6248de58b3d0_0;
    %pad/u 32;
    %cmpi/e 1, 0, 32;
    %jmp/0xz  T_5.20, 4;
    %pushi/vec4 3, 0, 3;
    %store/vec4 v0x6248de58abb0_0, 0, 3;
    %pushi/vec4 15, 0, 5;
    %store/vec4 v0x6248de58b3d0_0, 0, 5;
    %pushi/vec4 15, 0, 5;
    %store/vec4 v0x6248de58ae30_0, 0, 5;
    %jmp T_5.21;
T_5.20 ;
    %load/vec4 v0x6248de58b3d0_0;
    %subi 1, 0, 5;
    %store/vec4 v0x6248de58b3d0_0, 0, 5;
    %pushi/vec4 2, 0, 3;
    %store/vec4 v0x6248de58abb0_0, 0, 3;
T_5.21 ;
T_5.19 ;
    %jmp T_5.9;
T_5.5 ;
    %load/vec4 v0x6248de58b330_0;
    %flag_set/vec4 8;
    %jmp/0xz  T_5.22, 8;
    %pushi/vec4 4, 0, 3;
    %store/vec4 v0x6248de58abb0_0, 0, 3;
    %jmp T_5.23;
T_5.22 ;
    %load/vec4 v0x6248de58b3d0_0;
    %pad/u 32;
    %cmpi/e 1, 0, 32;
    %jmp/0xz  T_5.24, 4;
    %pushi/vec4 0, 0, 3;
    %store/vec4 v0x6248de58abb0_0, 0, 3;
    %pushi/vec4 15, 0, 5;
    %store/vec4 v0x6248de58b3d0_0, 0, 5;
    %pushi/vec4 15, 0, 5;
    %store/vec4 v0x6248de58ad50_0, 0, 5;
    %pushi/vec4 20, 0, 5;
    %store/vec4 v0x6248de58ae30_0, 0, 5;
    %jmp T_5.25;
T_5.24 ;
    %load/vec4 v0x6248de58b3d0_0;
    %subi 1, 0, 5;
    %store/vec4 v0x6248de58b3d0_0, 0, 5;
    %pushi/vec4 3, 0, 3;
    %store/vec4 v0x6248de58abb0_0, 0, 3;
T_5.25 ;
T_5.23 ;
    %jmp T_5.9;
T_5.6 ;
    %load/vec4 v0x6248de58b330_0;
    %flag_set/vec4 8;
    %jmp/0xz  T_5.26, 8;
    %pushi/vec4 5, 0, 3;
    %store/vec4 v0x6248de58abb0_0, 0, 3;
    %jmp T_5.27;
T_5.26 ;
    %pushi/vec4 0, 0, 3;
    %store/vec4 v0x6248de58abb0_0, 0, 3;
    %pushi/vec4 15, 0, 5;
    %store/vec4 v0x6248de58b3d0_0, 0, 5;
T_5.27 ;
    %jmp T_5.9;
T_5.7 ;
    %load/vec4 v0x6248de58b330_0;
    %flag_set/vec4 8;
    %jmp/0xz  T_5.28, 8;
    %pushi/vec4 4, 0, 3;
    %store/vec4 v0x6248de58abb0_0, 0, 3;
    %jmp T_5.29;
T_5.28 ;
    %pushi/vec4 0, 0, 3;
    %store/vec4 v0x6248de58abb0_0, 0, 3;
    %pushi/vec4 15, 0, 5;
    %store/vec4 v0x6248de58b3d0_0, 0, 5;
T_5.29 ;
    %jmp T_5.9;
T_5.9 ;
    %pop/vec4 1;
    %jmp T_5;
    .thread T_5;
    .scope S_0x6248de569410;
T_6 ;
    %wait E_0x6248de537330;
    %load/vec4 v0x6248de58abb0_0;
    %store/vec4 v0x6248de58a900_0, 0, 3;
    %jmp T_6;
    .thread T_6, $push;
    .scope S_0x6248de569410;
T_7 ;
    %wait E_0x6248de513a90;
    %load/vec4 v0x6248de58ad50_0;
    %pad/u 32;
    %pushi/vec4 10, 0, 32;
    %mod;
    %pad/u 5;
    %store/vec4 v0x6248de58a9d0_0, 0, 5;
    %load/vec4 v0x6248de58ad50_0;
    %pad/u 32;
    %pushi/vec4 10, 0, 32;
    %div;
    %pad/u 5;
    %store/vec4 v0x6248de58a7a0_0, 0, 5;
    %load/vec4 v0x6248de58ae30_0;
    %pad/u 32;
    %pushi/vec4 10, 0, 32;
    %mod;
    %pad/u 5;
    %store/vec4 v0x6248de58aac0_0, 0, 5;
    %load/vec4 v0x6248de58ae30_0;
    %pad/u 32;
    %pushi/vec4 10, 0, 32;
    %div;
    %pad/u 5;
    %store/vec4 v0x6248de58a860_0, 0, 5;
    %jmp T_7;
    .thread T_7, $push;
    .scope S_0x6248de569410;
T_8 ;
    %wait E_0x6248de513d80;
    %load/vec4 v0x6248de58a900_0;
    %dup/vec4;
    %pushi/vec4 0, 0, 3;
    %cmp/u;
    %jmp/1 T_8.0, 6;
    %dup/vec4;
    %pushi/vec4 1, 0, 3;
    %cmp/u;
    %jmp/1 T_8.1, 6;
    %dup/vec4;
    %pushi/vec4 2, 0, 3;
    %cmp/u;
    %jmp/1 T_8.2, 6;
    %dup/vec4;
    %pushi/vec4 3, 0, 3;
    %cmp/u;
    %jmp/1 T_8.3, 6;
    %dup/vec4;
    %pushi/vec4 4, 0, 3;
    %cmp/u;
    %jmp/1 T_8.4, 6;
    %dup/vec4;
    %pushi/vec4 5, 0, 3;
    %cmp/u;
    %jmp/1 T_8.5, 6;
    %pushi/vec4 33, 0, 6;
    %store/vec4 v0x6248de58ac70_0, 0, 6;
    %jmp T_8.7;
T_8.0 ;
    %pushi/vec4 33, 0, 6;
    %store/vec4 v0x6248de58ac70_0, 0, 6;
    %jmp T_8.7;
T_8.1 ;
    %pushi/vec4 17, 0, 6;
    %store/vec4 v0x6248de58ac70_0, 0, 6;
    %jmp T_8.7;
T_8.2 ;
    %pushi/vec4 10, 0, 6;
    %store/vec4 v0x6248de58ac70_0, 0, 6;
    %jmp T_8.7;
T_8.3 ;
    %pushi/vec4 12, 0, 6;
    %store/vec4 v0x6248de58ac70_0, 0, 6;
    %jmp T_8.7;
T_8.4 ;
    %pushi/vec4 18, 0, 6;
    %store/vec4 v0x6248de58ac70_0, 0, 6;
    %jmp T_8.7;
T_8.5 ;
    %pushi/vec4 0, 0, 6;
    %store/vec4 v0x6248de58ac70_0, 0, 6;
    %jmp T_8.7;
T_8.7 ;
    %pop/vec4 1;
    %jmp T_8;
    .thread T_8, $push;
    .scope S_0x6248de569280;
T_9 ;
    %pushi/vec4 0, 0, 1;
    %store/vec4 v0x6248de58b6c0_0, 0, 1;
T_9.0 ;
    %delay 500, 0;
    %load/vec4 v0x6248de58b6c0_0;
    %inv;
    %store/vec4 v0x6248de58b6c0_0, 0, 1;
    %jmp T_9.0;
    %end;
    .thread T_9;
    .scope S_0x6248de569280;
T_10 ;
    %pushi/vec4 0, 0, 1;
    %store/vec4 v0x6248de58bb50_0, 0, 1;
    %delay 50000, 0;
    %pushi/vec4 1, 0, 1;
    %store/vec4 v0x6248de58bb50_0, 0, 1;
    %delay 15000, 0;
    %pushi/vec4 0, 0, 1;
    %store/vec4 v0x6248de58bb50_0, 0, 1;
    %delay 50000, 0;
    %vpi_call 2 26 "$finish" {0 0 0};
    %end;
    .thread T_10;
    .scope S_0x6248de569280;
T_11 ;
    %vpi_call 2 30 "$monitor", "sw = %1b ||| Time = %2d |  Den Q = %6b || TRL1 = %4d || TRL2 = %4d ||Chuc 1: %7b | Don Vi 1: %7b | Chuc 2: %7b | Don Vi 2: %7b", v0x6248de58b330_0, v0x6248de58b3d0_0, v0x6248de58b5b0_0, v0x6248de58ad50_0, v0x6248de58ae30_0, v0x6248de58b790_0, v0x6248de58b900_0, v0x6248de58b860_0, v0x6248de58ba40_0 {0 0 0};
    %end;
    .thread T_11;
    .scope S_0x6248de569280;
T_12 ;
    %vpi_call 2 34 "$dumpfile", "wave.vcd" {0 0 0};
    %vpi_call 2 35 "$dumpvars", 32'sb00000000000000000000000000000000, S_0x6248de569280 {0 0 0};
    %end;
    .thread T_12;
# The file index is used to find the file name in the following table.
:file_names 5;
    "N/A";
    "<interactive>";
    "tb_TrafficLight.v";
    "TrafficLight_FSM.v";
    "Decoder_led7seg_anode.v";
