#! /usr/bin/vvp
:ivl_version "12.0 (stable)";
:ivl_delay_selection "TYPICAL";
:vpi_time_precision - 3;
:vpi_module "/usr/lib/x86_64-linux-gnu/ivl/system.vpi";
:vpi_module "/usr/lib/x86_64-linux-gnu/ivl/vhdl_sys.vpi";
:vpi_module "/usr/lib/x86_64-linux-gnu/ivl/vhdl_textio.vpi";
:vpi_module "/usr/lib/x86_64-linux-gnu/ivl/v2005_math.vpi";
:vpi_module "/usr/lib/x86_64-linux-gnu/ivl/va_math.vpi";
S_0x5b2069b75520 .scope module, "tb_LightTraffic" "tb_LightTraffic" 2 2;
 .timescale 0 -3;
v0x5b2069b974f0_0 .net "Q", 5 0, v0x5b2069b96bb0_0;  1 drivers
v0x5b2069b97600_0 .var "clk", 0 0;
v0x5b2069b976d0_0 .net "led7seg_Chuc1", 6 0, v0x5b2069b71f90_0;  1 drivers
v0x5b2069b977a0_0 .net "led7seg_Chuc2", 6 0, v0x5b2069b61c00_0;  1 drivers
v0x5b2069b97840_0 .net "led7seg_DonVi1", 6 0, v0x5b2069b61060_0;  1 drivers
v0x5b2069b97980_0 .net "led7seg_DonVi2", 6 0, v0x5b2069b96400_0;  1 drivers
v0x5b2069b97a90_0 .var "sw", 0 0;
S_0x5b2069b5ec60 .scope module, "uut" "LightTraffic_fsm" 2 7, 3 14 0, S_0x5b2069b75520;
 .timescale 0 -3;
    .port_info 0 /INPUT 1 "clk";
    .port_info 1 /INPUT 1 "sw";
    .port_info 2 /OUTPUT 6 "Q";
    .port_info 3 /OUTPUT 7 "led7seg_Chuc1";
    .port_info 4 /OUTPUT 7 "led7seg_DonVi1";
    .port_info 5 /OUTPUT 7 "led7seg_Chuc2";
    .port_info 6 /OUTPUT 7 "led7seg_DonVi2";
P_0x5b2069b70db0 .param/l "BlinkLight" 0 3 37, C4<010010>;
P_0x5b2069b70df0 .param/l "S1" 0 3 29, C4<000>;
P_0x5b2069b70e30 .param/l "S2" 0 3 29, C4<001>;
P_0x5b2069b70e70 .param/l "S3" 0 3 29, C4<010>;
P_0x5b2069b70eb0 .param/l "S4" 0 3 29, C4<011>;
P_0x5b2069b70ef0 .param/l "S5" 0 3 30, C4<100>;
P_0x5b2069b70f30 .param/l "S6" 0 3 30, C4<101>;
P_0x5b2069b70f70 .param/l "Time_Blink" 0 3 32, +C4<00000000000000000000000000000001>;
P_0x5b2069b70fb0 .param/l "Time_G" 0 3 32, +C4<00000000000000000000000000001111>;
P_0x5b2069b70ff0 .param/l "Time_R" 0 3 32, +C4<00000000000000000000000000001111>;
P_0x5b2069b71030 .param/l "Time_Y" 0 3 32, +C4<00000000000000000000000000000101>;
P_0x5b2069b71070 .param/l "Time_YR" 0 3 32, +C4<00000000000000000000000000000101>;
P_0x5b2069b710b0 .param/l "l1" 0 3 34, C4<100001>;
P_0x5b2069b710f0 .param/l "l2" 0 3 34, C4<010001>;
P_0x5b2069b71130 .param/l "l3" 0 3 34, C4<001010>;
P_0x5b2069b71170 .param/l "l4" 0 3 34, C4<001100>;
v0x5b2069b966e0_0 .var "Chuc1", 4 0;
v0x5b2069b967a0_0 .var "Chuc2", 4 0;
v0x5b2069b96840_0 .var "CurrentTime", 2 0;
v0x5b2069b96910_0 .var "DonVi1", 4 0;
v0x5b2069b96a00_0 .var "DonVi2", 4 0;
v0x5b2069b96af0_0 .var "NextTime", 2 0;
v0x5b2069b96bb0_0 .var "Q", 5 0;
v0x5b2069b96c90_0 .var "TRL1", 4 0;
v0x5b2069b96d70_0 .var "TRL2", 4 0;
v0x5b2069b96e50_0 .net "clk", 0 0, v0x5b2069b97600_0;  1 drivers
v0x5b2069b96f10_0 .net "led7seg_Chuc1", 6 0, v0x5b2069b71f90_0;  alias, 1 drivers
v0x5b2069b97000_0 .net "led7seg_Chuc2", 6 0, v0x5b2069b61c00_0;  alias, 1 drivers
v0x5b2069b970d0_0 .net "led7seg_DonVi1", 6 0, v0x5b2069b61060_0;  alias, 1 drivers
v0x5b2069b971a0_0 .net "led7seg_DonVi2", 6 0, v0x5b2069b96400_0;  alias, 1 drivers
v0x5b2069b97270_0 .net "sw", 0 0, v0x5b2069b97a90_0;  1 drivers
v0x5b2069b97310_0 .var "timer", 3 0;
E_0x5b2069b23d80 .event anyedge, v0x5b2069b96840_0;
E_0x5b2069b23a90 .event anyedge, v0x5b2069b96c90_0, v0x5b2069b96d70_0;
E_0x5b2069b47330 .event anyedge, v0x5b2069b62240_0, v0x5b2069b96840_0;
E_0x5b2069b5b070 .event posedge, v0x5b2069b62240_0, v0x5b2069b96e50_0;
S_0x5b2069b5ee40 .scope module, "C1" "Decoder_Led7Seg_Anode" 3 152, 4 15 0, S_0x5b2069b5ec60;
 .timescale 0 -3;
    .port_info 0 /INPUT 5 "timer";
    .port_info 1 /INPUT 1 "sw";
    .port_info 2 /OUTPUT 7 "Q";
v0x5b2069b71f90_0 .var "Q", 6 0;
v0x5b2069b62240_0 .net "sw", 0 0, v0x5b2069b97a90_0;  alias, 1 drivers
v0x5b2069b61d70_0 .net "timer", 4 0, v0x5b2069b966e0_0;  1 drivers
E_0x5b2069b5b0b0 .event anyedge, v0x5b2069b62240_0, v0x5b2069b61d70_0;
S_0x5b2069b95940 .scope module, "C2" "Decoder_Led7Seg_Anode" 3 154, 4 15 0, S_0x5b2069b5ec60;
 .timescale 0 -3;
    .port_info 0 /INPUT 5 "timer";
    .port_info 1 /INPUT 1 "sw";
    .port_info 2 /OUTPUT 7 "Q";
v0x5b2069b61c00_0 .var "Q", 6 0;
v0x5b2069b61670_0 .net "sw", 0 0, v0x5b2069b97a90_0;  alias, 1 drivers
v0x5b2069b611d0_0 .net "timer", 4 0, v0x5b2069b967a0_0;  1 drivers
E_0x5b2069b95b70 .event anyedge, v0x5b2069b62240_0, v0x5b2069b611d0_0;
S_0x5b2069b95cd0 .scope module, "DV1" "Decoder_Led7Seg_Anode" 3 151, 4 15 0, S_0x5b2069b5ec60;
 .timescale 0 -3;
    .port_info 0 /INPUT 5 "timer";
    .port_info 1 /INPUT 1 "sw";
    .port_info 2 /OUTPUT 7 "Q";
v0x5b2069b61060_0 .var "Q", 6 0;
v0x5b2069b60ef0_0 .net "sw", 0 0, v0x5b2069b97a90_0;  alias, 1 drivers
v0x5b2069b96030_0 .net "timer", 4 0, v0x5b2069b96910_0;  1 drivers
E_0x5b2069b95f00 .event anyedge, v0x5b2069b62240_0, v0x5b2069b96030_0;
S_0x5b2069b96150 .scope module, "DV2" "Decoder_Led7Seg_Anode" 3 153, 4 15 0, S_0x5b2069b5ec60;
 .timescale 0 -3;
    .port_info 0 /INPUT 5 "timer";
    .port_info 1 /INPUT 1 "sw";
    .port_info 2 /OUTPUT 7 "Q";
v0x5b2069b96400_0 .var "Q", 6 0;
v0x5b2069b96500_0 .net "sw", 0 0, v0x5b2069b97a90_0;  alias, 1 drivers
v0x5b2069b965c0_0 .net "timer", 4 0, v0x5b2069b96a00_0;  1 drivers
E_0x5b2069b96380 .event anyedge, v0x5b2069b62240_0, v0x5b2069b965c0_0;
    .scope S_0x5b2069b95cd0;
T_0 ;
    %wait E_0x5b2069b95f00;
    %load/vec4 v0x5b2069b60ef0_0;
    %flag_set/vec4 8;
    %jmp/0xz  T_0.0, 8;
    %pushi/vec4 127, 0, 7;
    %store/vec4 v0x5b2069b61060_0, 0, 7;
    %jmp T_0.1;
T_0.0 ;
    %load/vec4 v0x5b2069b96030_0;
    %dup/vec4;
    %pushi/vec4 0, 0, 5;
    %cmp/u;
    %jmp/1 T_0.2, 6;
    %dup/vec4;
    %pushi/vec4 1, 0, 5;
    %cmp/u;
    %jmp/1 T_0.3, 6;
    %dup/vec4;
    %pushi/vec4 2, 0, 5;
    %cmp/u;
    %jmp/1 T_0.4, 6;
    %dup/vec4;
    %pushi/vec4 3, 0, 5;
    %cmp/u;
    %jmp/1 T_0.5, 6;
    %dup/vec4;
    %pushi/vec4 4, 0, 5;
    %cmp/u;
    %jmp/1 T_0.6, 6;
    %dup/vec4;
    %pushi/vec4 5, 0, 5;
    %cmp/u;
    %jmp/1 T_0.7, 6;
    %dup/vec4;
    %pushi/vec4 6, 0, 5;
    %cmp/u;
    %jmp/1 T_0.8, 6;
    %dup/vec4;
    %pushi/vec4 7, 0, 5;
    %cmp/u;
    %jmp/1 T_0.9, 6;
    %dup/vec4;
    %pushi/vec4 8, 0, 5;
    %cmp/u;
    %jmp/1 T_0.10, 6;
    %dup/vec4;
    %pushi/vec4 9, 0, 5;
    %cmp/u;
    %jmp/1 T_0.11, 6;
    %pushi/vec4 127, 0, 7;
    %store/vec4 v0x5b2069b61060_0, 0, 7;
    %jmp T_0.13;
T_0.2 ;
    %pushi/vec4 1, 0, 7;
    %store/vec4 v0x5b2069b61060_0, 0, 7;
    %jmp T_0.13;
T_0.3 ;
    %pushi/vec4 79, 0, 7;
    %store/vec4 v0x5b2069b61060_0, 0, 7;
    %jmp T_0.13;
T_0.4 ;
    %pushi/vec4 18, 0, 7;
    %store/vec4 v0x5b2069b61060_0, 0, 7;
    %jmp T_0.13;
T_0.5 ;
    %pushi/vec4 6, 0, 7;
    %store/vec4 v0x5b2069b61060_0, 0, 7;
    %jmp T_0.13;
T_0.6 ;
    %pushi/vec4 72, 0, 7;
    %store/vec4 v0x5b2069b61060_0, 0, 7;
    %jmp T_0.13;
T_0.7 ;
    %pushi/vec4 36, 0, 7;
    %store/vec4 v0x5b2069b61060_0, 0, 7;
    %jmp T_0.13;
T_0.8 ;
    %pushi/vec4 32, 0, 7;
    %store/vec4 v0x5b2069b61060_0, 0, 7;
    %jmp T_0.13;
T_0.9 ;
    %pushi/vec4 15, 0, 7;
    %store/vec4 v0x5b2069b61060_0, 0, 7;
    %jmp T_0.13;
T_0.10 ;
    %pushi/vec4 0, 0, 7;
    %store/vec4 v0x5b2069b61060_0, 0, 7;
    %jmp T_0.13;
T_0.11 ;
    %pushi/vec4 4, 0, 7;
    %store/vec4 v0x5b2069b61060_0, 0, 7;
    %jmp T_0.13;
T_0.13 ;
    %pop/vec4 1;
T_0.1 ;
    %jmp T_0;
    .thread T_0, $push;
    .scope S_0x5b2069b5ee40;
T_1 ;
    %wait E_0x5b2069b5b0b0;
    %load/vec4 v0x5b2069b62240_0;
    %flag_set/vec4 8;
    %jmp/0xz  T_1.0, 8;
    %pushi/vec4 127, 0, 7;
    %store/vec4 v0x5b2069b71f90_0, 0, 7;
    %jmp T_1.1;
T_1.0 ;
    %load/vec4 v0x5b2069b61d70_0;
    %dup/vec4;
    %pushi/vec4 0, 0, 5;
    %cmp/u;
    %jmp/1 T_1.2, 6;
    %dup/vec4;
    %pushi/vec4 1, 0, 5;
    %cmp/u;
    %jmp/1 T_1.3, 6;
    %dup/vec4;
    %pushi/vec4 2, 0, 5;
    %cmp/u;
    %jmp/1 T_1.4, 6;
    %dup/vec4;
    %pushi/vec4 3, 0, 5;
    %cmp/u;
    %jmp/1 T_1.5, 6;
    %dup/vec4;
    %pushi/vec4 4, 0, 5;
    %cmp/u;
    %jmp/1 T_1.6, 6;
    %dup/vec4;
    %pushi/vec4 5, 0, 5;
    %cmp/u;
    %jmp/1 T_1.7, 6;
    %dup/vec4;
    %pushi/vec4 6, 0, 5;
    %cmp/u;
    %jmp/1 T_1.8, 6;
    %dup/vec4;
    %pushi/vec4 7, 0, 5;
    %cmp/u;
    %jmp/1 T_1.9, 6;
    %dup/vec4;
    %pushi/vec4 8, 0, 5;
    %cmp/u;
    %jmp/1 T_1.10, 6;
    %dup/vec4;
    %pushi/vec4 9, 0, 5;
    %cmp/u;
    %jmp/1 T_1.11, 6;
    %pushi/vec4 127, 0, 7;
    %store/vec4 v0x5b2069b71f90_0, 0, 7;
    %jmp T_1.13;
T_1.2 ;
    %pushi/vec4 1, 0, 7;
    %store/vec4 v0x5b2069b71f90_0, 0, 7;
    %jmp T_1.13;
T_1.3 ;
    %pushi/vec4 79, 0, 7;
    %store/vec4 v0x5b2069b71f90_0, 0, 7;
    %jmp T_1.13;
T_1.4 ;
    %pushi/vec4 18, 0, 7;
    %store/vec4 v0x5b2069b71f90_0, 0, 7;
    %jmp T_1.13;
T_1.5 ;
    %pushi/vec4 6, 0, 7;
    %store/vec4 v0x5b2069b71f90_0, 0, 7;
    %jmp T_1.13;
T_1.6 ;
    %pushi/vec4 72, 0, 7;
    %store/vec4 v0x5b2069b71f90_0, 0, 7;
    %jmp T_1.13;
T_1.7 ;
    %pushi/vec4 36, 0, 7;
    %store/vec4 v0x5b2069b71f90_0, 0, 7;
    %jmp T_1.13;
T_1.8 ;
    %pushi/vec4 32, 0, 7;
    %store/vec4 v0x5b2069b71f90_0, 0, 7;
    %jmp T_1.13;
T_1.9 ;
    %pushi/vec4 15, 0, 7;
    %store/vec4 v0x5b2069b71f90_0, 0, 7;
    %jmp T_1.13;
T_1.10 ;
    %pushi/vec4 0, 0, 7;
    %store/vec4 v0x5b2069b71f90_0, 0, 7;
    %jmp T_1.13;
T_1.11 ;
    %pushi/vec4 4, 0, 7;
    %store/vec4 v0x5b2069b71f90_0, 0, 7;
    %jmp T_1.13;
T_1.13 ;
    %pop/vec4 1;
T_1.1 ;
    %jmp T_1;
    .thread T_1, $push;
    .scope S_0x5b2069b96150;
T_2 ;
    %wait E_0x5b2069b96380;
    %load/vec4 v0x5b2069b96500_0;
    %flag_set/vec4 8;
    %jmp/0xz  T_2.0, 8;
    %pushi/vec4 127, 0, 7;
    %store/vec4 v0x5b2069b96400_0, 0, 7;
    %jmp T_2.1;
T_2.0 ;
    %load/vec4 v0x5b2069b965c0_0;
    %dup/vec4;
    %pushi/vec4 0, 0, 5;
    %cmp/u;
    %jmp/1 T_2.2, 6;
    %dup/vec4;
    %pushi/vec4 1, 0, 5;
    %cmp/u;
    %jmp/1 T_2.3, 6;
    %dup/vec4;
    %pushi/vec4 2, 0, 5;
    %cmp/u;
    %jmp/1 T_2.4, 6;
    %dup/vec4;
    %pushi/vec4 3, 0, 5;
    %cmp/u;
    %jmp/1 T_2.5, 6;
    %dup/vec4;
    %pushi/vec4 4, 0, 5;
    %cmp/u;
    %jmp/1 T_2.6, 6;
    %dup/vec4;
    %pushi/vec4 5, 0, 5;
    %cmp/u;
    %jmp/1 T_2.7, 6;
    %dup/vec4;
    %pushi/vec4 6, 0, 5;
    %cmp/u;
    %jmp/1 T_2.8, 6;
    %dup/vec4;
    %pushi/vec4 7, 0, 5;
    %cmp/u;
    %jmp/1 T_2.9, 6;
    %dup/vec4;
    %pushi/vec4 8, 0, 5;
    %cmp/u;
    %jmp/1 T_2.10, 6;
    %dup/vec4;
    %pushi/vec4 9, 0, 5;
    %cmp/u;
    %jmp/1 T_2.11, 6;
    %pushi/vec4 127, 0, 7;
    %store/vec4 v0x5b2069b96400_0, 0, 7;
    %jmp T_2.13;
T_2.2 ;
    %pushi/vec4 1, 0, 7;
    %store/vec4 v0x5b2069b96400_0, 0, 7;
    %jmp T_2.13;
T_2.3 ;
    %pushi/vec4 79, 0, 7;
    %store/vec4 v0x5b2069b96400_0, 0, 7;
    %jmp T_2.13;
T_2.4 ;
    %pushi/vec4 18, 0, 7;
    %store/vec4 v0x5b2069b96400_0, 0, 7;
    %jmp T_2.13;
T_2.5 ;
    %pushi/vec4 6, 0, 7;
    %store/vec4 v0x5b2069b96400_0, 0, 7;
    %jmp T_2.13;
T_2.6 ;
    %pushi/vec4 72, 0, 7;
    %store/vec4 v0x5b2069b96400_0, 0, 7;
    %jmp T_2.13;
T_2.7 ;
    %pushi/vec4 36, 0, 7;
    %store/vec4 v0x5b2069b96400_0, 0, 7;
    %jmp T_2.13;
T_2.8 ;
    %pushi/vec4 32, 0, 7;
    %store/vec4 v0x5b2069b96400_0, 0, 7;
    %jmp T_2.13;
T_2.9 ;
    %pushi/vec4 15, 0, 7;
    %store/vec4 v0x5b2069b96400_0, 0, 7;
    %jmp T_2.13;
T_2.10 ;
    %pushi/vec4 0, 0, 7;
    %store/vec4 v0x5b2069b96400_0, 0, 7;
    %jmp T_2.13;
T_2.11 ;
    %pushi/vec4 4, 0, 7;
    %store/vec4 v0x5b2069b96400_0, 0, 7;
    %jmp T_2.13;
T_2.13 ;
    %pop/vec4 1;
T_2.1 ;
    %jmp T_2;
    .thread T_2, $push;
    .scope S_0x5b2069b95940;
T_3 ;
    %wait E_0x5b2069b95b70;
    %load/vec4 v0x5b2069b61670_0;
    %flag_set/vec4 8;
    %jmp/0xz  T_3.0, 8;
    %pushi/vec4 127, 0, 7;
    %store/vec4 v0x5b2069b61c00_0, 0, 7;
    %jmp T_3.1;
T_3.0 ;
    %load/vec4 v0x5b2069b611d0_0;
    %dup/vec4;
    %pushi/vec4 0, 0, 5;
    %cmp/u;
    %jmp/1 T_3.2, 6;
    %dup/vec4;
    %pushi/vec4 1, 0, 5;
    %cmp/u;
    %jmp/1 T_3.3, 6;
    %dup/vec4;
    %pushi/vec4 2, 0, 5;
    %cmp/u;
    %jmp/1 T_3.4, 6;
    %dup/vec4;
    %pushi/vec4 3, 0, 5;
    %cmp/u;
    %jmp/1 T_3.5, 6;
    %dup/vec4;
    %pushi/vec4 4, 0, 5;
    %cmp/u;
    %jmp/1 T_3.6, 6;
    %dup/vec4;
    %pushi/vec4 5, 0, 5;
    %cmp/u;
    %jmp/1 T_3.7, 6;
    %dup/vec4;
    %pushi/vec4 6, 0, 5;
    %cmp/u;
    %jmp/1 T_3.8, 6;
    %dup/vec4;
    %pushi/vec4 7, 0, 5;
    %cmp/u;
    %jmp/1 T_3.9, 6;
    %dup/vec4;
    %pushi/vec4 8, 0, 5;
    %cmp/u;
    %jmp/1 T_3.10, 6;
    %dup/vec4;
    %pushi/vec4 9, 0, 5;
    %cmp/u;
    %jmp/1 T_3.11, 6;
    %pushi/vec4 127, 0, 7;
    %store/vec4 v0x5b2069b61c00_0, 0, 7;
    %jmp T_3.13;
T_3.2 ;
    %pushi/vec4 1, 0, 7;
    %store/vec4 v0x5b2069b61c00_0, 0, 7;
    %jmp T_3.13;
T_3.3 ;
    %pushi/vec4 79, 0, 7;
    %store/vec4 v0x5b2069b61c00_0, 0, 7;
    %jmp T_3.13;
T_3.4 ;
    %pushi/vec4 18, 0, 7;
    %store/vec4 v0x5b2069b61c00_0, 0, 7;
    %jmp T_3.13;
T_3.5 ;
    %pushi/vec4 6, 0, 7;
    %store/vec4 v0x5b2069b61c00_0, 0, 7;
    %jmp T_3.13;
T_3.6 ;
    %pushi/vec4 72, 0, 7;
    %store/vec4 v0x5b2069b61c00_0, 0, 7;
    %jmp T_3.13;
T_3.7 ;
    %pushi/vec4 36, 0, 7;
    %store/vec4 v0x5b2069b61c00_0, 0, 7;
    %jmp T_3.13;
T_3.8 ;
    %pushi/vec4 32, 0, 7;
    %store/vec4 v0x5b2069b61c00_0, 0, 7;
    %jmp T_3.13;
T_3.9 ;
    %pushi/vec4 15, 0, 7;
    %store/vec4 v0x5b2069b61c00_0, 0, 7;
    %jmp T_3.13;
T_3.10 ;
    %pushi/vec4 0, 0, 7;
    %store/vec4 v0x5b2069b61c00_0, 0, 7;
    %jmp T_3.13;
T_3.11 ;
    %pushi/vec4 4, 0, 7;
    %store/vec4 v0x5b2069b61c00_0, 0, 7;
    %jmp T_3.13;
T_3.13 ;
    %pop/vec4 1;
T_3.1 ;
    %jmp T_3;
    .thread T_3, $push;
    .scope S_0x5b2069b5ec60;
T_4 ;
    %load/vec4 v0x5b2069b97270_0;
    %flag_set/vec4 8;
    %jmp/0 T_4.0, 8;
    %pushi/vec4 4, 0, 3;
    %jmp/1 T_4.1, 8;
T_4.0 ; End of true expr.
    %pushi/vec4 0, 0, 3;
    %jmp/0 T_4.1, 8;
 ; End of false expr.
    %blend;
T_4.1;
    %store/vec4 v0x5b2069b96840_0, 0, 3;
    %pushi/vec4 15, 0, 4;
    %store/vec4 v0x5b2069b97310_0, 0, 4;
    %pushi/vec4 15, 0, 5;
    %store/vec4 v0x5b2069b96c90_0, 0, 5;
    %pushi/vec4 20, 0, 5;
    %store/vec4 v0x5b2069b96d70_0, 0, 5;
    %end;
    .thread T_4;
    .scope S_0x5b2069b5ec60;
T_5 ;
    %wait E_0x5b2069b5b070;
    %load/vec4 v0x5b2069b96c90_0;
    %subi 1, 0, 5;
    %assign/vec4 v0x5b2069b96c90_0, 0;
    %load/vec4 v0x5b2069b96d70_0;
    %subi 1, 0, 5;
    %assign/vec4 v0x5b2069b96d70_0, 0;
    %load/vec4 v0x5b2069b97270_0;
    %flag_set/vec4 10;
    %flag_get/vec4 10;
    %jmp/0 T_5.3, 10;
    %load/vec4 v0x5b2069b96840_0;
    %pushi/vec4 4, 0, 3;
    %cmp/ne;
    %flag_get/vec4 4;
    %and;
T_5.3;
    %flag_set/vec4 9;
    %flag_get/vec4 9;
    %jmp/0 T_5.2, 9;
    %load/vec4 v0x5b2069b96840_0;
    %pushi/vec4 5, 0, 3;
    %cmp/ne;
    %flag_get/vec4 4;
    %and;
T_5.2;
    %flag_set/vec4 8;
    %jmp/0xz  T_5.0, 8;
    %pushi/vec4 1, 0, 4;
    %assign/vec4 v0x5b2069b97310_0, 0;
    %pushi/vec4 4, 0, 3;
    %store/vec4 v0x5b2069b96840_0, 0, 3;
    %pushi/vec4 5, 0, 3;
    %store/vec4 v0x5b2069b96af0_0, 0, 3;
    %jmp T_5.1;
T_5.0 ;
    %load/vec4 v0x5b2069b97310_0;
    %pad/u 32;
    %cmpi/u 1, 0, 32;
    %flag_or 5, 4; GT is !LE
    %flag_inv 5;
    %jmp/0xz  T_5.4, 5;
    %load/vec4 v0x5b2069b97310_0;
    %subi 1, 0, 4;
    %assign/vec4 v0x5b2069b97310_0, 0;
    %jmp T_5.5;
T_5.4 ;
    %load/vec4 v0x5b2069b96af0_0;
    %store/vec4 v0x5b2069b96840_0, 0, 3;
    %load/vec4 v0x5b2069b96840_0;
    %dup/vec4;
    %pushi/vec4 0, 0, 3;
    %cmp/u;
    %jmp/1 T_5.6, 6;
    %dup/vec4;
    %pushi/vec4 1, 0, 3;
    %cmp/u;
    %jmp/1 T_5.7, 6;
    %dup/vec4;
    %pushi/vec4 2, 0, 3;
    %cmp/u;
    %jmp/1 T_5.8, 6;
    %dup/vec4;
    %pushi/vec4 3, 0, 3;
    %cmp/u;
    %jmp/1 T_5.9, 6;
    %dup/vec4;
    %pushi/vec4 4, 0, 3;
    %cmp/u;
    %jmp/1 T_5.10, 6;
    %dup/vec4;
    %pushi/vec4 5, 0, 3;
    %cmp/u;
    %jmp/1 T_5.11, 6;
    %pushi/vec4 15, 0, 4;
    %assign/vec4 v0x5b2069b97310_0, 0;
    %pushi/vec4 15, 0, 5;
    %assign/vec4 v0x5b2069b96c90_0, 0;
    %pushi/vec4 20, 0, 5;
    %assign/vec4 v0x5b2069b96d70_0, 0;
    %jmp T_5.13;
T_5.6 ;
    %pushi/vec4 15, 0, 4;
    %assign/vec4 v0x5b2069b97310_0, 0;
    %pushi/vec4 15, 0, 5;
    %assign/vec4 v0x5b2069b96c90_0, 0;
    %pushi/vec4 20, 0, 5;
    %assign/vec4 v0x5b2069b96d70_0, 0;
    %jmp T_5.13;
T_5.7 ;
    %pushi/vec4 5, 0, 4;
    %assign/vec4 v0x5b2069b97310_0, 0;
    %pushi/vec4 5, 0, 5;
    %assign/vec4 v0x5b2069b96c90_0, 0;
    %jmp T_5.13;
T_5.8 ;
    %pushi/vec4 5, 0, 4;
    %assign/vec4 v0x5b2069b97310_0, 0;
    %pushi/vec4 20, 0, 5;
    %assign/vec4 v0x5b2069b96c90_0, 0;
    %pushi/vec4 5, 0, 5;
    %assign/vec4 v0x5b2069b96d70_0, 0;
    %jmp T_5.13;
T_5.9 ;
    %pushi/vec4 15, 0, 4;
    %assign/vec4 v0x5b2069b97310_0, 0;
    %pushi/vec4 15, 0, 5;
    %assign/vec4 v0x5b2069b96d70_0, 0;
    %jmp T_5.13;
T_5.10 ;
    %pushi/vec4 1, 0, 4;
    %assign/vec4 v0x5b2069b97310_0, 0;
    %pushi/vec4 0, 0, 5;
    %assign/vec4 v0x5b2069b96c90_0, 0;
    %pushi/vec4 0, 0, 5;
    %assign/vec4 v0x5b2069b96d70_0, 0;
    %jmp T_5.13;
T_5.11 ;
    %pushi/vec4 1, 0, 4;
    %assign/vec4 v0x5b2069b97310_0, 0;
    %pushi/vec4 0, 0, 5;
    %assign/vec4 v0x5b2069b96c90_0, 0;
    %pushi/vec4 0, 0, 5;
    %assign/vec4 v0x5b2069b96d70_0, 0;
    %jmp T_5.13;
T_5.13 ;
    %pop/vec4 1;
T_5.5 ;
T_5.1 ;
    %jmp T_5;
    .thread T_5;
    .scope S_0x5b2069b5ec60;
T_6 ;
    %wait E_0x5b2069b47330;
    %load/vec4 v0x5b2069b97270_0;
    %flag_set/vec4 8;
    %jmp/0xz  T_6.0, 8;
    %load/vec4 v0x5b2069b96840_0;
    %dup/vec4;
    %pushi/vec4 4, 0, 3;
    %cmp/u;
    %jmp/1 T_6.2, 6;
    %dup/vec4;
    %pushi/vec4 5, 0, 3;
    %cmp/u;
    %jmp/1 T_6.3, 6;
    %pushi/vec4 4, 0, 3;
    %store/vec4 v0x5b2069b96af0_0, 0, 3;
    %jmp T_6.5;
T_6.2 ;
    %pushi/vec4 5, 0, 3;
    %store/vec4 v0x5b2069b96af0_0, 0, 3;
    %jmp T_6.5;
T_6.3 ;
    %pushi/vec4 4, 0, 3;
    %store/vec4 v0x5b2069b96af0_0, 0, 3;
    %jmp T_6.5;
T_6.5 ;
    %pop/vec4 1;
    %jmp T_6.1;
T_6.0 ;
    %load/vec4 v0x5b2069b96840_0;
    %dup/vec4;
    %pushi/vec4 0, 0, 3;
    %cmp/u;
    %jmp/1 T_6.6, 6;
    %dup/vec4;
    %pushi/vec4 1, 0, 3;
    %cmp/u;
    %jmp/1 T_6.7, 6;
    %dup/vec4;
    %pushi/vec4 2, 0, 3;
    %cmp/u;
    %jmp/1 T_6.8, 6;
    %dup/vec4;
    %pushi/vec4 3, 0, 3;
    %cmp/u;
    %jmp/1 T_6.9, 6;
    %pushi/vec4 0, 0, 3;
    %store/vec4 v0x5b2069b96af0_0, 0, 3;
    %jmp T_6.11;
T_6.6 ;
    %pushi/vec4 1, 0, 3;
    %store/vec4 v0x5b2069b96af0_0, 0, 3;
    %jmp T_6.11;
T_6.7 ;
    %pushi/vec4 2, 0, 3;
    %store/vec4 v0x5b2069b96af0_0, 0, 3;
    %jmp T_6.11;
T_6.8 ;
    %pushi/vec4 3, 0, 3;
    %store/vec4 v0x5b2069b96af0_0, 0, 3;
    %jmp T_6.11;
T_6.9 ;
    %pushi/vec4 0, 0, 3;
    %store/vec4 v0x5b2069b96af0_0, 0, 3;
    %jmp T_6.11;
T_6.11 ;
    %pop/vec4 1;
T_6.1 ;
    %jmp T_6;
    .thread T_6, $push;
    .scope S_0x5b2069b5ec60;
T_7 ;
    %wait E_0x5b2069b23a90;
    %load/vec4 v0x5b2069b96c90_0;
    %pad/u 32;
    %pushi/vec4 10, 0, 32;
    %mod;
    %pad/u 5;
    %store/vec4 v0x5b2069b96910_0, 0, 5;
    %load/vec4 v0x5b2069b96c90_0;
    %pad/u 32;
    %pushi/vec4 10, 0, 32;
    %div;
    %pad/u 5;
    %store/vec4 v0x5b2069b966e0_0, 0, 5;
    %load/vec4 v0x5b2069b96d70_0;
    %pad/u 32;
    %pushi/vec4 10, 0, 32;
    %mod;
    %pad/u 5;
    %store/vec4 v0x5b2069b96a00_0, 0, 5;
    %load/vec4 v0x5b2069b96d70_0;
    %pad/u 32;
    %pushi/vec4 10, 0, 32;
    %div;
    %pad/u 5;
    %store/vec4 v0x5b2069b967a0_0, 0, 5;
    %jmp T_7;
    .thread T_7, $push;
    .scope S_0x5b2069b5ec60;
T_8 ;
    %wait E_0x5b2069b23d80;
    %load/vec4 v0x5b2069b96840_0;
    %dup/vec4;
    %pushi/vec4 0, 0, 3;
    %cmp/u;
    %jmp/1 T_8.0, 6;
    %dup/vec4;
    %pushi/vec4 1, 0, 3;
    %cmp/u;
    %jmp/1 T_8.1, 6;
    %dup/vec4;
    %pushi/vec4 2, 0, 3;
    %cmp/u;
    %jmp/1 T_8.2, 6;
    %dup/vec4;
    %pushi/vec4 3, 0, 3;
    %cmp/u;
    %jmp/1 T_8.3, 6;
    %dup/vec4;
    %pushi/vec4 4, 0, 3;
    %cmp/u;
    %jmp/1 T_8.4, 6;
    %dup/vec4;
    %pushi/vec4 5, 0, 3;
    %cmp/u;
    %jmp/1 T_8.5, 6;
    %pushi/vec4 33, 0, 6;
    %store/vec4 v0x5b2069b96bb0_0, 0, 6;
    %jmp T_8.7;
T_8.0 ;
    %pushi/vec4 33, 0, 6;
    %store/vec4 v0x5b2069b96bb0_0, 0, 6;
    %jmp T_8.7;
T_8.1 ;
    %pushi/vec4 17, 0, 6;
    %store/vec4 v0x5b2069b96bb0_0, 0, 6;
    %jmp T_8.7;
T_8.2 ;
    %pushi/vec4 10, 0, 6;
    %store/vec4 v0x5b2069b96bb0_0, 0, 6;
    %jmp T_8.7;
T_8.3 ;
    %pushi/vec4 12, 0, 6;
    %store/vec4 v0x5b2069b96bb0_0, 0, 6;
    %jmp T_8.7;
T_8.4 ;
    %pushi/vec4 18, 0, 6;
    %store/vec4 v0x5b2069b96bb0_0, 0, 6;
    %jmp T_8.7;
T_8.5 ;
    %pushi/vec4 0, 0, 6;
    %store/vec4 v0x5b2069b96bb0_0, 0, 6;
    %jmp T_8.7;
T_8.7 ;
    %pop/vec4 1;
    %jmp T_8;
    .thread T_8, $push;
    .scope S_0x5b2069b75520;
T_9 ;
    %pushi/vec4 0, 0, 1;
    %store/vec4 v0x5b2069b97600_0, 0, 1;
T_9.0 ;
    %delay 500, 0;
    %load/vec4 v0x5b2069b97600_0;
    %inv;
    %store/vec4 v0x5b2069b97600_0, 0, 1;
    %jmp T_9.0;
    %end;
    .thread T_9;
    .scope S_0x5b2069b75520;
T_10 ;
    %pushi/vec4 0, 0, 1;
    %store/vec4 v0x5b2069b97a90_0, 0, 1;
    %delay 50000, 0;
    %pushi/vec4 1, 0, 1;
    %store/vec4 v0x5b2069b97a90_0, 0, 1;
    %delay 15000, 0;
    %vpi_call 2 25 "$finish" {0 0 0};
    %end;
    .thread T_10;
    .scope S_0x5b2069b75520;
T_11 ;
    %vpi_call 2 29 "$monitor", "sw = %1b ||| Time = %2d |  Den Q = %6b |Chuc 1: %7b | Don Vi 1: %7b | Chuc 2: %7b | Don Vi 1: %7b", v0x5b2069b97270_0, v0x5b2069b97310_0, v0x5b2069b974f0_0, v0x5b2069b976d0_0, v0x5b2069b97840_0, v0x5b2069b977a0_0, v0x5b2069b97980_0 {0 0 0};
    %end;
    .thread T_11;
    .scope S_0x5b2069b75520;
T_12 ;
    %vpi_call 2 33 "$dumpfile", "wave.vcd" {0 0 0};
    %vpi_call 2 34 "$dumpvars", 32'sb00000000000000000000000000000000, S_0x5b2069b75520 {0 0 0};
    %end;
    .thread T_12;
# The file index is used to find the file name in the following table.
:file_names 5;
    "N/A";
    "<interactive>";
    "tb_LightTraffic.v";
    "LightTraffic_fsm.v";
    "Decoder_led7seg_anode.v";
