#! /usr/bin/vvp
:ivl_version "12.0 (stable)";
:ivl_delay_selection "TYPICAL";
:vpi_time_precision + 0;
:vpi_module "/usr/lib/x86_64-linux-gnu/ivl/system.vpi";
:vpi_module "/usr/lib/x86_64-linux-gnu/ivl/vhdl_sys.vpi";
:vpi_module "/usr/lib/x86_64-linux-gnu/ivl/vhdl_textio.vpi";
:vpi_module "/usr/lib/x86_64-linux-gnu/ivl/v2005_math.vpi";
:vpi_module "/usr/lib/x86_64-linux-gnu/ivl/va_math.vpi";
S_0x5e75d42f4860 .scope module, "tb_32bit" "tb_32bit" 2 1;
 .timescale 0 0;
v0x5e75d4309360_0 .var "E", 0 0;
v0x5e75d4309420_0 .net "Q", 31 0, v0x5e75d4308f40_0;  1 drivers
v0x5e75d43094f0_0 .var "clk", 0 0;
v0x5e75d43095f0_0 .var "rs", 0 0;
v0x5e75d43096c0_0 .var "ud", 0 0;
S_0x5e75d42f49f0 .scope module, "uut" "counter_32bit_ud" 2 5, 3 1 0, S_0x5e75d42f4860;
 .timescale 0 0;
    .port_info 0 /OUTPUT 32 "Q";
    .port_info 1 /INPUT 1 "rs";
    .port_info 2 /INPUT 1 "ud";
    .port_info 3 /INPUT 1 "E";
    .port_info 4 /INPUT 1 "clk";
v0x5e75d42f4bd0_0 .net "E", 0 0, v0x5e75d4309360_0;  1 drivers
v0x5e75d4308f40_0 .var "Q", 31 0;
v0x5e75d4309020_0 .net "clk", 0 0, v0x5e75d43094f0_0;  1 drivers
v0x5e75d43090f0_0 .net "rs", 0 0, v0x5e75d43095f0_0;  1 drivers
v0x5e75d43091b0_0 .net "ud", 0 0, v0x5e75d43096c0_0;  1 drivers
E_0x5e75d42f2ca0 .event posedge, v0x5e75d4309020_0;
    .scope S_0x5e75d42f49f0;
T_0 ;
    %pushi/vec4 0, 0, 32;
    %store/vec4 v0x5e75d4308f40_0, 0, 32;
    %end;
    .thread T_0;
    .scope S_0x5e75d42f49f0;
T_1 ;
    %wait E_0x5e75d42f2ca0;
    %load/vec4 v0x5e75d42f4bd0_0;
    %flag_set/vec4 8;
    %jmp/0xz  T_1.0, 8;
    %load/vec4 v0x5e75d43090f0_0;
    %cmpi/e 0, 0, 1;
    %jmp/0xz  T_1.2, 4;
    %pushi/vec4 0, 0, 32;
    %assign/vec4 v0x5e75d4308f40_0, 0;
    %jmp T_1.3;
T_1.2 ;
    %load/vec4 v0x5e75d43091b0_0;
    %flag_set/vec4 8;
    %jmp/0xz  T_1.4, 8;
    %load/vec4 v0x5e75d4308f40_0;
    %addi 1, 0, 32;
    %assign/vec4 v0x5e75d4308f40_0, 0;
    %jmp T_1.5;
T_1.4 ;
    %load/vec4 v0x5e75d4308f40_0;
    %subi 1, 0, 32;
    %assign/vec4 v0x5e75d4308f40_0, 0;
T_1.5 ;
T_1.3 ;
T_1.0 ;
    %jmp T_1;
    .thread T_1;
    .scope S_0x5e75d42f4860;
T_2 ;
    %pushi/vec4 0, 0, 1;
    %store/vec4 v0x5e75d43094f0_0, 0, 1;
T_2.0 ;
    %delay 10, 0;
    %load/vec4 v0x5e75d43094f0_0;
    %inv;
    %store/vec4 v0x5e75d43094f0_0, 0, 1;
    %jmp T_2.0;
    %end;
    .thread T_2;
    .scope S_0x5e75d42f4860;
T_3 ;
    %pushi/vec4 1, 0, 1;
    %store/vec4 v0x5e75d43095f0_0, 0, 1;
    %pushi/vec4 1, 0, 1;
    %store/vec4 v0x5e75d43096c0_0, 0, 1;
    %pushi/vec4 1, 0, 1;
    %store/vec4 v0x5e75d4309360_0, 0, 1;
    %delay 50, 0;
    %load/vec4 v0x5e75d43096c0_0;
    %inv;
    %store/vec4 v0x5e75d43096c0_0, 0, 1;
    %delay 100, 0;
    %pushi/vec4 0, 0, 1;
    %store/vec4 v0x5e75d4309360_0, 0, 1;
    %delay 500, 0;
    %vpi_call 2 18 "$stop" {0 0 0};
    %end;
    .thread T_3;
    .scope S_0x5e75d42f4860;
T_4 ;
    %vpi_call 2 21 "$monitor", "At time %t, Q = %h", $time, v0x5e75d4309420_0 {0 0 0};
    %vpi_call 2 22 "$dumpfile", "counter_32bit.vcd" {0 0 0};
    %vpi_call 2 23 "$dumpvars", 32'sb00000000000000000000000000000000, S_0x5e75d42f4860 {0 0 0};
    %end;
    .thread T_4;
# The file index is used to find the file name in the following table.
:file_names 4;
    "N/A";
    "<interactive>";
    "techbenh.v";
    "counter_32bit.v";
